<?xml version="1.0" encoding="UTF-8"?>
<!-- Generated by org.testng.reporters.JUnitReportReporter -->
<testsuite skipped="0" hostname="LAPTOP-T7HM3TL7" name="testScriptDefinitions.TestSet1.TC101CreateNewContact" tests="1" failures="0" timestamp="30 Oct 2018 00:46:45 GMT" time="67.656" errors="0">
  <testcase name="TC101_CreateNewContact" time="67.656" classname="testScriptDefinitions.TestSet1.TC101CreateNewContact"/>
</testsuite> <!-- testScriptDefinitions.TestSet1.TC101CreateNewContact -->
